INFO  15:45:11.847 [main] (Pleiades) Pleiades キャッシュ保管パス: D:\dev\workspace\temp\eclipse\configuration\jp.sourceforge.mergedoc.pleiades
INFO  15:45:11.847 [main] (Pleiades) Eclipse AOP 起動トランスフォーマーを開始します。Pleiades 起動オプション:init.batch=../xampp/setup_xampp_no_pause.bat
INFO  15:45:11.871 [pool-2-thread-1] (Applications) ファイル更新検出: 2017-10-05 16:59:21 D:\dev\workspace\temp\eclipse\plugins\javax.xml.rpc_1.1.0.v201209140446
INFO  15:45:11.872 [pool-2-thread-1] (Applications) ファイル更新検出: 2017-10-05 16:59:21 D:\dev\workspace\temp\eclipse\plugins\javax.xml.soap_1.2.0.v201005080501
INFO  15:45:11.872 [pool-2-thread-1] (Applications) ファイル更新検出: 2017-10-05 16:59:22 D:\dev\workspace\temp\eclipse\plugins\org.apache.ant_1.10.1.v20170504-0840
INFO  15:45:11.873 [pool-2-thread-1] (Applications) ファイル更新検出: 2017-10-05 16:59:22 D:\dev\workspace\temp\eclipse\plugins\org.apache.axis_1.4.0.v201411182030
INFO  15:45:11.873 [pool-2-thread-1] (Applications) ファイル更新検出: 2017-10-05 16:59:22 D:\dev\workspace\temp\eclipse\plugins\org.apache.commons.discovery_0.2.0.v201004190315
INFO  15:45:11.877 [pool-2-thread-1] (Applications) ファイル更新検出: 2017-10-05 16:59:22 D:\dev\workspace\temp\eclipse\plugins\org.eclipse.cdt.core.win32.x86_5.4.1.201706122201
INFO  15:45:11.884 [pool-2-thread-1] (Applications) ファイル更新検出: 2017-10-05 16:59:22 D:\dev\workspace\temp\eclipse\plugins\org.eclipse.epp.package.common_4.7.0.20170620-1800
INFO  15:45:11.885 [pool-2-thread-1] (Applications) ファイル更新検出: 2017-10-05 16:59:22 D:\dev\workspace\temp\eclipse\plugins\org.eclipse.epp.package.jee_4.7.0.20170620-1800
INFO  15:45:11.885 [pool-2-thread-1] (Applications) ファイル更新検出: 2017-10-05 16:59:22 D:\dev\workspace\temp\eclipse\plugins\org.eclipse.equinox.launcher.win32.win32.x86_1.1.500.v20170531-1133
INFO  15:45:11.887 [pool-2-thread-1] (Applications) ファイル更新検出: 2017-10-05 16:59:22 D:\dev\workspace\temp\eclipse\plugins\org.eclipse.jdt.debug_3.11.0.v20170510-1451
INFO  15:45:11.893 [pool-2-thread-1] (Applications) ファイル更新検出: 2017-10-05 16:59:23 D:\dev\workspace\temp\eclipse\plugins\org.eclipse.m2e.archetype.common_1.8.0.20170516-2042
INFO  15:45:11.893 [pool-2-thread-1] (Applications) ファイル更新検出: 2017-10-05 16:59:23 D:\dev\workspace\temp\eclipse\plugins\org.eclipse.m2e.maven.indexer_1.8.0.20170516-2042
INFO  15:45:11.894 [pool-2-thread-1] (Applications) ファイル更新検出: 2017-10-05 16:59:23 D:\dev\workspace\temp\eclipse\plugins\org.eclipse.m2e.maven.runtime.slf4j.simple_1.8.0.20170516-2042
INFO  15:45:11.894 [pool-2-thread-1] (Applications) ファイル更新検出: 2017-10-05 16:59:24 D:\dev\workspace\temp\eclipse\plugins\org.eclipse.m2e.maven.runtime_1.8.0.20170516-2042
INFO  15:45:11.897 [pool-2-thread-1] (Applications) ファイル更新検出: 2017-10-05 16:59:24 D:\dev\workspace\temp\eclipse\plugins\org.eclipse.pde.build_3.9.300.v20170515-0912
INFO  15:45:11.898 [pool-2-thread-1] (Applications) ファイル更新検出: 2017-10-05 16:59:25 D:\dev\workspace\temp\eclipse\plugins\org.eclipse.pde.ds.lib_1.1.0.v20170303-1624
INFO  15:45:11.899 [pool-2-thread-1] (Applications) ファイル更新検出: 2017-10-05 16:59:25 D:\dev\workspace\temp\eclipse\plugins\org.eclipse.pde.ds1_2.lib_1.0.0.v20170303-1624
INFO  15:45:11.900 [pool-2-thread-1] (Applications) ファイル更新検出: 2017-10-05 16:59:25 D:\dev\workspace\temp\eclipse\plugins\org.eclipse.platform_4.7.0.v20170612-0950
INFO  15:45:11.904 [pool-2-thread-1] (Applications) ファイル更新検出: 2017-10-05 16:59:25 D:\dev\workspace\temp\eclipse\plugins\org.eclipse.ui.themes_1.2.0.v20170517-0622
INFO  15:45:11.908 [pool-2-thread-1] (Applications) ファイル更新検出: 2017-10-05 16:59:25 D:\dev\workspace\temp\eclipse\plugins\org.junit_4.12.0.v201504281640
INFO  15:45:11.911 [pool-2-thread-1] (Applications) ファイル更新検出: 2017-10-05 16:59:25 D:\dev\workspace\temp\eclipse\plugins\org.springsource.ide.eclipse.commons.browser_3.9.0.201707061630-RELEASE
INFO  15:45:11.913 [pool-2-thread-1] (Applications) ファイル更新検出: 2017-10-05 16:59:25 D:\dev\workspace\temp\eclipse\plugins\org.springsource.ide.eclipse.commons.gettingstarted_3.9.0.201707061630-RELEASE
INFO  15:45:11.939 [pool-2-thread-1] (Applications) ファイル更新最終時刻 (前回): 2017-10-05 16:48:17
INFO  15:45:11.939 [pool-2-thread-1] (Applications) ファイル更新最終時刻 (今回): 2017-10-05 16:59:25
INFO  15:45:11.940 [pool-2-thread-1] (LauncherEclipseTransformer) Eclipse プラグインの更新が検出されたため、強制的に -clean モードで起動します。
INFO  15:45:12.055 [main] (PleiadesConfig) Pleiades 構成ファイルをロードしました。pleiades-config.xml
INFO  15:45:12.079 [pool-1-thread-4] (PropertySet) load  0.000 秒 -      6 エントリー org.eclipse.ui.ide.prefs
INFO  15:45:12.079 [pool-1-thread-2] (PropertySet) load  0.001 秒 -     69 エントリー translation-exclude-package.properties
INFO  15:45:12.090 [pool-1-thread-2] (PropertySet) load  0.006 秒 -    478 エントリー translation-regex.properties
INFO  15:45:12.121 [pool-1-thread-2] (PropertySet) load  0.000 秒 -     16 エントリー translation-regex-through.properties
INFO  15:45:12.396 [main] (LauncherEclipseTransformer) transform: org.eclipse.equinox.launcher.Main
INFO  15:45:12.670 [main] (LauncherTransformer) アプリケーションの起動を開始しました。-clean:true
INFO  15:45:12.671 [main] (CacheFiles) すべてのキャッシュ・ファイルをクリアしました。
INFO  15:45:12.715 [main] (LauncherTransformer) Pleiades AOP 翻訳トランスフォーマーを開始します。
INFO  15:45:12.715 [pool-1-thread-2] (ExcludeClassNameCache) exclude-class.list が存在しません。
INFO  15:45:12.715 [pool-1-thread-2] (TransformedClassCache) transformed-class.cache が存在しません。
INFO  15:45:13.543 [pool-1-thread-2] (AbstractTranslationDictionary$1) load  0.733 秒 - 134652 エントリー translation.properties
INFO  15:45:13.544 [pool-1-thread-2] (PropertySet) load  0.001 秒 -    265 エントリー translation-first.properties
INFO  15:45:37.051 [main] (LauncherEclipseTransformer) transform: org.eclipse.ui.internal.Workbench
