2017-02-07 16:33:51 c68 InnoDB: Warning: Using innodb_additional_mem_pool_size is DEPRECATED. This option may be removed in future releases, together with the option innodb_use_sys_malloc and with the InnoDB's internal memory allocator.
2017-02-07 16:33:51 3176 [Note] InnoDB: innodb_empty_free_list_algorithm has been changed to legacy because of small buffer pool size. In order to use backoff, increase buffer pool at least up to 20MB.

2017-02-07 16:33:51 3176 [Note] InnoDB: Using mutexes to ref count buffer pool pages
2017-02-07 16:33:51 3176 [Note] InnoDB: The InnoDB memory heap is disabled
2017-02-07 16:33:51 3176 [Note] InnoDB: Mutexes and rw_locks use Windows interlocked functions
2017-02-07 16:33:51 3176 [Note] InnoDB: _mm_lfence() and _mm_sfence() are used for memory barrier
2017-02-07 16:33:51 3176 [Note] InnoDB: Compressed tables use zlib 1.2.3
2017-02-07 16:33:51 3176 [Note] InnoDB: Using generic crc32 instructions
2017-02-07 16:33:51 3176 [Note] InnoDB: Initializing buffer pool, size = 16.0M
2017-02-07 16:33:51 3176 [Note] InnoDB: Completed initialization of buffer pool
2017-02-07 16:33:51 3176 [Note] InnoDB: Highest supported file format is Barracuda.
2017-02-07 16:33:51 3176 [Note] InnoDB: 128 rollback segment(s) are active.
2017-02-07 16:33:51 3176 [Note] InnoDB: Creating zip_dict and zip_dict_cols system tables.
2017-02-07 16:33:51 3176 [Note] InnoDB: zip_dict and zip_dict_cols system tables created.
2017-02-07 16:33:51 3176 [Note] InnoDB: Waiting for purge to start
2017-02-07 16:33:51 3176 [Note] InnoDB:  Percona XtraDB (http://www.percona.com) 5.6.32-79.0 started; log sequence number 1835037
2017-02-07 16:33:51 11604 [Note] InnoDB: Dumping buffer pool(s) not yet started
2017-02-07 16:33:51 3176 [Note] Plugin 'FEEDBACK' is disabled.
2017-02-07 16:33:51 3176 [Note] Server socket created on IP: '::'.
2017-02-07 16:33:51 3176 [Note] c:\dev\pleiades\xampp\mysql\bin\mysqld.exe: ready for connections.
Version: '10.1.19-MariaDB'  socket: ''  port: 3306  mariadb.org binary distribution
2017-02-07 16:34:40 11360 [Note] c:\dev\pleiades\xampp\mysql\bin\mysqld.exe: Normal shutdown

2017-02-07 16:34:40 11360 [Note] Event Scheduler: Purging the queue. 0 events
2017-02-07 16:34:40 11848 [Note] InnoDB: FTS optimize thread exiting.
2017-02-07 16:34:40 11360 [Note] InnoDB: Starting shutdown...
2017-02-07 16:34:41 11360 [Note] InnoDB: Waiting for page_cleaner to finish flushing of buffer pool
2017-02-07 16:34:42 11360 [Note] InnoDB: Shutdown completed; log sequence number 1840325
2017-02-07 16:34:42 11360 [Note] c:\dev\pleiades\xampp\mysql\bin\mysqld.exe: Shutdown complete

