!SESSION 2017-10-06 15:45:12.722 -----------------------------------------------
eclipse.buildId=4.7.0.I20170612-0950
java.version=1.8.0_131
java.vendor=Oracle Corporation
BootLoader constants: OS=win32, ARCH=x86, WS=win32, NL=ja_JP
Framework arguments:  -product org.eclipse.epp.package.jee.product
Command-line arguments:  -os win32 -ws win32 -arch x86 -product org.eclipse.epp.package.jee.product

!ENTRY org.eclipse.equinox.p2.publisher 4 0 2017-10-06 15:45:24.977
!MESSAGE An error occured while parsing advice file: basePath=D:/dev/pleiades/eclipse/features/org.springsource.ide.eclipse.dashboard_3.9.0.201707061630-RELEASE, adviceFilePath=p2.inf.
!STACK 0
java.lang.IllegalStateException: bad token: instructions.install.import
	at org.eclipse.equinox.p2.publisher.AdviceFileParser.parseInstructions(AdviceFileParser.java:329)
	at org.eclipse.equinox.p2.publisher.AdviceFileParser.parse(AdviceFileParser.java:114)
	at org.eclipse.equinox.p2.publisher.AdviceFileAdvice.<init>(AdviceFileAdvice.java:78)
	at org.eclipse.equinox.p2.publisher.eclipse.FeaturesAction.createAdviceFileAdvice(FeaturesAction.java:166)
	at org.eclipse.equinox.p2.publisher.eclipse.FeaturesAction.generateFeatureIUs(FeaturesAction.java:407)
	at org.eclipse.equinox.p2.publisher.eclipse.FeaturesAction.perform(FeaturesAction.java:605)
	at org.eclipse.equinox.internal.provisional.p2.directorywatcher.RepositoryListener.publish(RepositoryListener.java:160)
	at org.eclipse.equinox.internal.provisional.p2.directorywatcher.RepositoryListener.processFeature(RepositoryListener.java:155)
	at org.eclipse.equinox.internal.provisional.p2.directorywatcher.RepositoryListener.process(RepositoryListener.java:133)
	at org.eclipse.equinox.internal.provisional.p2.directorywatcher.RepositoryListener.added(RepositoryListener.java:117)
	at org.eclipse.equinox.internal.p2.extensionlocation.BundlePoolFilteredListener.added(BundlePoolFilteredListener.java:42)
	at org.eclipse.equinox.internal.p2.extensionlocation.SiteListener.added(SiteListener.java:336)
	at org.eclipse.equinox.internal.provisional.p2.directorywatcher.DirectoryWatcher.processFile(DirectoryWatcher.java:197)
	at org.eclipse.equinox.internal.provisional.p2.directorywatcher.DirectoryWatcher.scanDirectories(DirectoryWatcher.java:160)
	at org.eclipse.equinox.internal.provisional.p2.directorywatcher.DirectoryWatcher.poll(DirectoryWatcher.java:108)
	at org.eclipse.equinox.internal.p2.extensionlocation.SiteListener.synchronizeRepositories(SiteListener.java:111)
	at org.eclipse.equinox.internal.p2.extensionlocation.ExtensionLocationArtifactRepository.ensureInitialized(ExtensionLocationArtifactRepository.java:66)
	at org.eclipse.equinox.internal.p2.extensionlocation.ExtensionLocationArtifactRepository.getProperties(ExtensionLocationArtifactRepository.java:259)
	at org.eclipse.equinox.internal.p2.repository.helpers.AbstractRepositoryManager.addRepository(AbstractRepositoryManager.java:129)
	at org.eclipse.equinox.internal.p2.repository.helpers.AbstractRepositoryManager.loadRepository(AbstractRepositoryManager.java:674)
	at org.eclipse.equinox.internal.p2.artifact.repository.ArtifactRepositoryManager.loadRepository(ArtifactRepositoryManager.java:104)
	at org.eclipse.equinox.internal.p2.artifact.repository.ArtifactRepositoryManager.loadRepository(ArtifactRepositoryManager.java:100)
	at org.eclipse.equinox.internal.p2.touchpoint.eclipse.Util.getRunnableRepositories(Util.java:161)
	at org.eclipse.equinox.internal.p2.touchpoint.eclipse.Util.getAggregatedBundleRepository(Util.java:153)
	at org.eclipse.equinox.internal.p2.extensionlocation.Activator.getBundlePoolRepository(Activator.java:88)
	at org.eclipse.equinox.internal.p2.extensionlocation.BundlePoolFilteredListener.<init>(BundlePoolFilteredListener.java:29)
	at org.eclipse.equinox.internal.p2.extensionlocation.SiteListener.synchronizeRepositories(SiteListener.java:109)
	at org.eclipse.equinox.internal.p2.extensionlocation.ExtensionLocationMetadataRepository.ensureInitialized(ExtensionLocationMetadataRepository.java:65)
	at org.eclipse.equinox.internal.p2.extensionlocation.ExtensionLocationMetadataRepository.getProperties(ExtensionLocationMetadataRepository.java:193)
	at org.eclipse.equinox.internal.p2.repository.helpers.AbstractRepositoryManager.addRepository(AbstractRepositoryManager.java:129)
	at org.eclipse.equinox.internal.p2.metadata.repository.MetadataRepositoryManager.addRepository(MetadataRepositoryManager.java:37)
	at org.eclipse.equinox.internal.p2.reconciler.dropins.Activator.createExtensionLocationMetadataRepository(Activator.java:81)
	at org.eclipse.equinox.internal.p2.reconciler.dropins.PlatformXmlListener.synchronizeConfiguration(PlatformXmlListener.java:223)
	at org.eclipse.equinox.internal.p2.reconciler.dropins.PlatformXmlListener.stopPoll(PlatformXmlListener.java:132)
	at org.eclipse.equinox.internal.provisional.p2.directorywatcher.DirectoryWatcher.stopPoll(DirectoryWatcher.java:171)
	at org.eclipse.equinox.internal.provisional.p2.directorywatcher.DirectoryWatcher.poll(DirectoryWatcher.java:109)
	at org.eclipse.equinox.internal.p2.reconciler.dropins.Activator.watchConfiguration(Activator.java:519)
	at org.eclipse.equinox.internal.p2.reconciler.dropins.Activator.start(Activator.java:175)
	at org.eclipse.osgi.internal.framework.BundleContextImpl$3.run(BundleContextImpl.java:779)
	at org.eclipse.osgi.internal.framework.BundleContextImpl$3.run(BundleContextImpl.java:1)
	at java.security.AccessController.doPrivileged(Native Method)
	at org.eclipse.osgi.internal.framework.BundleContextImpl.startActivator(BundleContextImpl.java:772)
	at org.eclipse.osgi.internal.framework.BundleContextImpl.start(BundleContextImpl.java:729)
	at org.eclipse.osgi.internal.framework.EquinoxBundle.startWorker0(EquinoxBundle.java:933)
	at org.eclipse.osgi.internal.framework.EquinoxBundle$EquinoxModule.startWorker(EquinoxBundle.java:309)
	at org.eclipse.osgi.container.Module.doStart(Module.java:581)
	at org.eclipse.osgi.container.Module.start(Module.java:449)
	at org.eclipse.osgi.container.ModuleContainer$ContainerStartLevel.incStartLevel(ModuleContainer.java:1628)
	at org.eclipse.osgi.container.ModuleContainer$ContainerStartLevel.incStartLevel(ModuleContainer.java:1608)
	at org.eclipse.osgi.container.ModuleContainer$ContainerStartLevel.doContainerStartLevel(ModuleContainer.java:1579)
	at org.eclipse.osgi.container.ModuleContainer$ContainerStartLevel.dispatchEvent(ModuleContainer.java:1522)
	at org.eclipse.osgi.container.ModuleContainer$ContainerStartLevel.dispatchEvent(ModuleContainer.java:1)
	at org.eclipse.osgi.framework.eventmgr.EventManager.dispatchEvent(EventManager.java:230)
	at org.eclipse.osgi.framework.eventmgr.EventManager$EventThread.run(EventManager.java:340)
